{"/home/ubuntu/workspace/modules/tests.js":{"path":"/home/ubuntu/workspace/modules/tests.js","s":{"1":1,"2":1,"3":1,"4":6,"5":5,"6":1,"7":1,"8":6,"9":1,"10":3,"11":1,"12":1,"13":1,"14":2,"15":1,"16":2,"17":1,"18":1,"19":1,"20":1},"b":{"1":[5,1]},"f":{"1":3,"2":1,"3":2,"4":2,"5":1,"6":1},"fnMap":{"1":{"name":"(anonymous_1)","line":21,"loc":{"start":{"line":21,"column":16},"end":{"line":21,"column":27}}},"2":{"name":"(anonymous_2)","line":26,"loc":{"start":{"line":26,"column":16},"end":{"line":26,"column":27}}},"3":{"name":"(anonymous_3)","line":31,"loc":{"start":{"line":31,"column":17},"end":{"line":31,"column":28}}},"4":{"name":"(anonymous_4)","line":35,"loc":{"start":{"line":35,"column":18},"end":{"line":35,"column":33}}},"5":{"name":"(anonymous_5)","line":40,"loc":{"start":{"line":40,"column":22},"end":{"line":40,"column":38}}},"6":{"name":"(anonymous_6)","line":47,"loc":{"start":{"line":47,"column":21},"end":{"line":47,"column":36}}}},"statementMap":{"1":{"start":{"line":3,"column":0},"end":{"line":3,"column":37}},"2":{"start":{"line":4,"column":0},"end":{"line":4,"column":18}},"3":{"start":{"line":7,"column":0},"end":{"line":18,"column":2}},"4":{"start":{"line":9,"column":1},"end":{"line":16,"column":2}},"5":{"start":{"line":11,"column":2},"end":{"line":11,"column":69}},"6":{"start":{"line":14,"column":2},"end":{"line":14,"column":43}},"7":{"start":{"line":15,"column":2},"end":{"line":15,"column":76}},"8":{"start":{"line":17,"column":1},"end":{"line":17,"column":12}},"9":{"start":{"line":21,"column":0},"end":{"line":23,"column":2}},"10":{"start":{"line":22,"column":1},"end":{"line":22,"column":24}},"11":{"start":{"line":26,"column":0},"end":{"line":28,"column":1}},"12":{"start":{"line":27,"column":1},"end":{"line":27,"column":20}},"13":{"start":{"line":31,"column":0},"end":{"line":33,"column":1}},"14":{"start":{"line":32,"column":1},"end":{"line":32,"column":24}},"15":{"start":{"line":35,"column":0},"end":{"line":37,"column":1}},"16":{"start":{"line":36,"column":1},"end":{"line":36,"column":29}},"17":{"start":{"line":40,"column":0},"end":{"line":44,"column":1}},"18":{"start":{"line":41,"column":2},"end":{"line":41,"column":31}},"19":{"start":{"line":47,"column":0},"end":{"line":51,"column":1}},"20":{"start":{"line":48,"column":2},"end":{"line":48,"column":30}}},"branchMap":{"1":{"line":9,"type":"if","locations":[{"start":{"line":9,"column":1},"end":{"line":9,"column":1}},{"start":{"line":9,"column":1},"end":{"line":9,"column":1}}]}}}}