{"/home/ubuntu/workspace/mongoosetest/rightmongotest-spec.js":{"path":"/home/ubuntu/workspace/mongoosetest/rightmongotest-spec.js","s":{"1":1,"2":1,"3":1,"4":0,"5":0,"6":0,"7":0,"8":0,"9":0,"10":0,"11":0,"12":0,"13":0,"14":0,"15":0,"16":0,"17":0,"18":0,"19":0,"20":0,"21":0,"22":0,"23":0,"24":0,"25":0,"26":0,"27":0,"28":0,"29":0,"30":0,"31":0,"32":0,"33":0,"34":0},"b":{},"f":{"1":0,"2":0,"3":0,"4":0,"5":0,"6":0,"7":0,"8":0,"9":0,"10":0,"11":0,"12":0,"13":0,"14":0,"15":0},"fnMap":{"1":{"name":"(anonymous_1)","line":5,"loc":{"start":{"line":5,"column":26},"end":{"line":5,"column":38}}},"2":{"name":"(anonymous_2)","line":7,"loc":{"start":{"line":7,"column":61},"end":{"line":7,"column":76}}},"3":{"name":"(anonymous_3)","line":8,"loc":{"start":{"line":8,"column":17},"end":{"line":8,"column":33}}},"4":{"name":"(anonymous_4)","line":13,"loc":{"start":{"line":13,"column":63},"end":{"line":13,"column":77}}},"5":{"name":"(anonymous_5)","line":15,"loc":{"start":{"line":15,"column":19},"end":{"line":15,"column":40}}},"6":{"name":"(anonymous_6)","line":27,"loc":{"start":{"line":27,"column":28},"end":{"line":27,"column":42}}},"7":{"name":"(anonymous_7)","line":28,"loc":{"start":{"line":28,"column":17},"end":{"line":28,"column":33}}},"8":{"name":"(anonymous_8)","line":38,"loc":{"start":{"line":38,"column":31},"end":{"line":38,"column":42}}},"9":{"name":"(anonymous_9)","line":39,"loc":{"start":{"line":39,"column":20},"end":{"line":39,"column":31}}},"10":{"name":"(anonymous_10)","line":40,"loc":{"start":{"line":40,"column":34},"end":{"line":40,"column":49}}},"11":{"name":"(anonymous_11)","line":41,"loc":{"start":{"line":41,"column":28},"end":{"line":41,"column":60}}},"12":{"name":"(anonymous_12)","line":47,"loc":{"start":{"line":47,"column":30},"end":{"line":47,"column":45}}},"13":{"name":"(anonymous_13)","line":49,"loc":{"start":{"line":49,"column":32},"end":{"line":49,"column":64}}},"14":{"name":"(anonymous_14)","line":55,"loc":{"start":{"line":55,"column":32},"end":{"line":55,"column":47}}},"15":{"name":"(anonymous_15)","line":58,"loc":{"start":{"line":58,"column":25},"end":{"line":58,"column":41}}}},"statementMap":{"1":{"start":{"line":2,"column":0},"end":{"line":2,"column":34}},"2":{"start":{"line":3,"column":0},"end":{"line":3,"column":33}},"3":{"start":{"line":5,"column":0},"end":{"line":33,"column":3}},"4":{"start":{"line":7,"column":1},"end":{"line":12,"column":4}},"5":{"start":{"line":8,"column":5},"end":{"line":11,"column":8}},"6":{"start":{"line":9,"column":9},"end":{"line":9,"column":48}},"7":{"start":{"line":10,"column":9},"end":{"line":10,"column":16}},"8":{"start":{"line":13,"column":1},"end":{"line":25,"column":4}},"9":{"start":{"line":15,"column":5},"end":{"line":24,"column":8}},"10":{"start":{"line":20,"column":11},"end":{"line":20,"column":49}},"11":{"start":{"line":21,"column":11},"end":{"line":21,"column":18}},"12":{"start":{"line":23,"column":9},"end":{"line":23,"column":16}},"13":{"start":{"line":27,"column":1},"end":{"line":32,"column":4}},"14":{"start":{"line":28,"column":4},"end":{"line":31,"column":7}},"15":{"start":{"line":29,"column":7},"end":{"line":29,"column":33}},"16":{"start":{"line":30,"column":7},"end":{"line":30,"column":14}},"17":{"start":{"line":34,"column":0},"end":{"line":34,"column":33}},"18":{"start":{"line":36,"column":0},"end":{"line":36,"column":57}},"19":{"start":{"line":38,"column":0},"end":{"line":67,"column":3}},"20":{"start":{"line":39,"column":2},"end":{"line":66,"column":5}},"21":{"start":{"line":40,"column":4},"end":{"line":45,"column":7}},"22":{"start":{"line":41,"column":6},"end":{"line":44,"column":9}},"23":{"start":{"line":42,"column":8},"end":{"line":42,"column":46}},"24":{"start":{"line":43,"column":8},"end":{"line":43,"column":15}},"25":{"start":{"line":47,"column":4},"end":{"line":64,"column":7}},"26":{"start":{"line":49,"column":10},"end":{"line":63,"column":9}},"27":{"start":{"line":51,"column":12},"end":{"line":51,"column":42}},"28":{"start":{"line":52,"column":12},"end":{"line":52,"column":37}},"29":{"start":{"line":53,"column":12},"end":{"line":53,"column":39}},"30":{"start":{"line":54,"column":12},"end":{"line":54,"column":19}},"31":{"start":{"line":55,"column":12},"end":{"line":56,"column":15}},"32":{"start":{"line":58,"column":12},"end":{"line":61,"column":7}},"33":{"start":{"line":59,"column":9},"end":{"line":59,"column":39}},"34":{"start":{"line":60,"column":9},"end":{"line":60,"column":16}}},"branchMap":{}},"/home/ubuntu/workspace/mongo.js":{"path":"/home/ubuntu/workspace/mongo.js","s":{"1":1,"2":1,"3":1,"4":1,"5":1,"6":1,"7":1,"8":1,"9":1,"10":1,"11":1,"12":0,"13":0,"14":0,"15":0,"16":0,"17":0,"18":1,"19":0,"20":0,"21":0,"22":0,"23":0,"24":0,"25":1,"26":0,"27":0,"28":0,"29":0,"30":1,"31":0,"32":0,"33":0,"34":0,"35":1,"36":0,"37":0,"38":0,"39":0,"40":1,"41":0,"42":0,"43":0,"44":0,"45":0,"46":0},"b":{"1":[0,0],"2":[0,0],"3":[0,0],"4":[0,0],"5":[0,0],"6":[0,0]},"f":{},"fnMap":{},"statementMap":{"1":{"start":{"line":2,"column":0},"end":{"line":2,"column":34}},"2":{"start":{"line":4,"column":0},"end":{"line":4,"column":20}},"3":{"start":{"line":5,"column":0},"end":{"line":5,"column":28}},"4":{"start":{"line":7,"column":0},"end":{"line":7,"column":55}},"5":{"start":{"line":8,"column":0},"end":{"line":8,"column":19}},"6":{"start":{"line":10,"column":0},"end":{"line":10,"column":24}},"7":{"start":{"line":11,"column":0},"end":{"line":11,"column":30}},"8":{"start":{"line":14,"column":0},"end":{"line":19,"column":2}},"9":{"start":{"line":21,"column":0},"end":{"line":21,"column":48}},"10":{"start":{"line":23,"column":0},"end":{"line":23,"column":21}},"11":{"start":{"line":27,"column":0},"end":{"line":52,"column":1}},"12":{"start":{"line":28,"column":2},"end":{"line":28,"column":20}},"13":{"start":{"line":41,"column":2},"end":{"line":41,"column":35}},"14":{"start":{"line":42,"column":2},"end":{"line":49,"column":4}},"15":{"start":{"line":44,"column":4},"end":{"line":47,"column":28}},"16":{"start":{"line":45,"column":6},"end":{"line":45,"column":29}},"17":{"start":{"line":47,"column":4},"end":{"line":47,"column":28}},"18":{"start":{"line":54,"column":0},"end":{"line":66,"column":1}},"19":{"start":{"line":56,"column":2},"end":{"line":65,"column":4}},"20":{"start":{"line":57,"column":4},"end":{"line":59,"column":5}},"21":{"start":{"line":58,"column":6},"end":{"line":58,"column":29}},"22":{"start":{"line":60,"column":4},"end":{"line":63,"column":6}},"23":{"start":{"line":62,"column":6},"end":{"line":62,"column":32}},"24":{"start":{"line":64,"column":4},"end":{"line":64,"column":18}},"25":{"start":{"line":68,"column":0},"end":{"line":76,"column":1}},"26":{"start":{"line":70,"column":2},"end":{"line":75,"column":4}},"27":{"start":{"line":71,"column":4},"end":{"line":73,"column":5}},"28":{"start":{"line":72,"column":6},"end":{"line":72,"column":29}},"29":{"start":{"line":74,"column":4},"end":{"line":74,"column":18}},"30":{"start":{"line":77,"column":0},"end":{"line":85,"column":1}},"31":{"start":{"line":79,"column":2},"end":{"line":84,"column":4}},"32":{"start":{"line":80,"column":4},"end":{"line":82,"column":5}},"33":{"start":{"line":81,"column":6},"end":{"line":81,"column":29}},"34":{"start":{"line":83,"column":4},"end":{"line":83,"column":18}},"35":{"start":{"line":90,"column":0},"end":{"line":98,"column":1}},"36":{"start":{"line":92,"column":2},"end":{"line":97,"column":4}},"37":{"start":{"line":93,"column":4},"end":{"line":95,"column":5}},"38":{"start":{"line":94,"column":6},"end":{"line":94,"column":29}},"39":{"start":{"line":96,"column":4},"end":{"line":96,"column":29}},"40":{"start":{"line":100,"column":0},"end":{"line":112,"column":1}},"41":{"start":{"line":102,"column":2},"end":{"line":111,"column":4}},"42":{"start":{"line":103,"column":4},"end":{"line":105,"column":5}},"43":{"start":{"line":104,"column":6},"end":{"line":104,"column":29}},"44":{"start":{"line":106,"column":4},"end":{"line":109,"column":6}},"45":{"start":{"line":107,"column":7},"end":{"line":107,"column":23}},"46":{"start":{"line":110,"column":4},"end":{"line":110,"column":18}}},"branchMap":{"1":{"line":44,"type":"if","locations":[{"start":{"line":44,"column":4},"end":{"line":44,"column":4}},{"start":{"line":44,"column":4},"end":{"line":44,"column":4}}]},"2":{"line":57,"type":"if","locations":[{"start":{"line":57,"column":4},"end":{"line":57,"column":4}},{"start":{"line":57,"column":4},"end":{"line":57,"column":4}}]},"3":{"line":71,"type":"if","locations":[{"start":{"line":71,"column":4},"end":{"line":71,"column":4}},{"start":{"line":71,"column":4},"end":{"line":71,"column":4}}]},"4":{"line":80,"type":"if","locations":[{"start":{"line":80,"column":4},"end":{"line":80,"column":4}},{"start":{"line":80,"column":4},"end":{"line":80,"column":4}}]},"5":{"line":93,"type":"if","locations":[{"start":{"line":93,"column":4},"end":{"line":93,"column":4}},{"start":{"line":93,"column":4},"end":{"line":93,"column":4}}]},"6":{"line":103,"type":"if","locations":[{"start":{"line":103,"column":4},"end":{"line":103,"column":4}},{"start":{"line":103,"column":4},"end":{"line":103,"column":4}}]}}}}