TN:
SF:/home/ubuntu/workspace/modules/tests.js
FN:21,(anonymous_1)
FN:26,(anonymous_2)
FN:31,(anonymous_3)
FN:35,(anonymous_4)
FN:40,(anonymous_5)
FN:47,(anonymous_6)
FNF:6
FNH:6
FNDA:3,(anonymous_1)
FNDA:1,(anonymous_2)
FNDA:2,(anonymous_3)
FNDA:2,(anonymous_4)
FNDA:1,(anonymous_5)
FNDA:1,(anonymous_6)
DA:3,1
DA:4,1
DA:7,1
DA:9,6
DA:11,5
DA:14,1
DA:15,1
DA:17,6
DA:21,1
DA:22,3
DA:26,1
DA:27,1
DA:31,1
DA:32,2
DA:35,1
DA:36,2
DA:40,1
DA:41,1
DA:47,1
DA:48,1
LF:20
LH:20
BRDA:9,1,0,5
BRDA:9,1,1,1
BRF:2
BRH:2
end_of_record
TN:
SF:/home/ubuntu/workspace/guitarparty.js
FN:4,(anonymous_1)
FN:13,(anonymous_2)
FN:21,(anonymous_3)
FNF:3
FNH:0
FNDA:0,(anonymous_1)
FNDA:0,(anonymous_2)
FNDA:0,(anonymous_3)
DA:2,0
DA:4,0
DA:5,0
DA:6,0
DA:7,0
DA:10,0
DA:11,0
DA:12,0
DA:14,0
DA:15,0
DA:17,0
DA:18,0
DA:19,0
DA:21,0
DA:22,0
DA:24,0
DA:25,0
LF:17
LH:0
BRDA:6,1,0,0
BRDA:6,1,1,0
BRDA:6,2,0,0
BRDA:6,2,1,0
BRDA:14,3,0,0
BRDA:14,3,1,0
BRF:6
BRH:0
end_of_record
TN:
SF:/home/ubuntu/workspace/imdb.js
FN:6,(anonymous_1)
FN:13,(anonymous_2)
FN:21,(anonymous_3)
FNF:3
FNH:0
FNDA:0,(anonymous_1)
FNDA:0,(anonymous_2)
FNDA:0,(anonymous_3)
DA:2,0
DA:3,0
DA:6,0
DA:7,0
DA:8,0
DA:9,0
DA:11,0
DA:12,0
DA:13,0
DA:14,0
DA:15,0
DA:17,0
DA:18,0
DA:21,0
DA:22,0
DA:24,0
DA:25,0
LF:17
LH:0
BRDA:8,1,0,0
BRDA:8,1,1,0
BRDA:8,2,0,0
BRDA:8,2,1,0
BRDA:14,3,0,0
BRDA:14,3,1,0
BRF:6
BRH:0
end_of_record
TN:
SF:/home/ubuntu/workspace/mongo.js
FNF:0
FNH:0
DA:2,0
DA:4,0
DA:6,0
DA:7,0
DA:9,0
DA:10,0
DA:13,0
DA:20,0
DA:24,0
DA:25,0
DA:38,0
DA:39,0
DA:41,0
DA:42,0
DA:44,0
DA:51,0
DA:53,0
DA:54,0
DA:55,0
DA:57,0
DA:59,0
DA:61,0
DA:65,0
DA:67,0
DA:68,0
DA:69,0
DA:71,0
DA:74,0
DA:76,0
DA:77,0
DA:78,0
DA:80,0
DA:87,0
DA:89,0
DA:90,0
DA:91,0
DA:93,0
DA:97,0
DA:99,0
DA:100,0
DA:101,0
DA:103,0
DA:104,0
DA:107,0
LF:44
LH:0
BRDA:41,1,0,0
BRDA:41,1,1,0
BRDA:54,2,0,0
BRDA:54,2,1,0
BRDA:68,3,0,0
BRDA:68,3,1,0
BRDA:77,4,0,0
BRDA:77,4,1,0
BRDA:90,5,0,0
BRDA:90,5,1,0
BRDA:100,6,0,0
BRDA:100,6,1,0
BRF:12
BRH:0
end_of_record
