TN:
SF:/home/ubuntu/workspace/mongoosetest/rightmongotest-spec.js
FN:5,(anonymous_1)
FN:7,(anonymous_2)
FN:8,(anonymous_3)
FN:13,(anonymous_4)
FN:15,(anonymous_5)
FN:27,(anonymous_6)
FN:28,(anonymous_7)
FN:38,(anonymous_8)
FN:39,(anonymous_9)
FN:40,(anonymous_10)
FN:41,(anonymous_11)
FN:47,(anonymous_12)
FN:49,(anonymous_13)
FN:55,(anonymous_14)
FN:58,(anonymous_15)
FNF:15
FNH:0
FNDA:0,(anonymous_1)
FNDA:0,(anonymous_2)
FNDA:0,(anonymous_3)
FNDA:0,(anonymous_4)
FNDA:0,(anonymous_5)
FNDA:0,(anonymous_6)
FNDA:0,(anonymous_7)
FNDA:0,(anonymous_8)
FNDA:0,(anonymous_9)
FNDA:0,(anonymous_10)
FNDA:0,(anonymous_11)
FNDA:0,(anonymous_12)
FNDA:0,(anonymous_13)
FNDA:0,(anonymous_14)
FNDA:0,(anonymous_15)
DA:2,1
DA:3,1
DA:5,1
DA:7,0
DA:8,0
DA:9,0
DA:10,0
DA:13,0
DA:15,0
DA:20,0
DA:21,0
DA:23,0
DA:27,0
DA:28,0
DA:29,0
DA:30,0
DA:34,0
DA:36,0
DA:38,0
DA:39,0
DA:40,0
DA:41,0
DA:42,0
DA:43,0
DA:47,0
DA:49,0
DA:51,0
DA:52,0
DA:53,0
DA:54,0
DA:55,0
DA:58,0
DA:59,0
DA:60,0
LF:34
LH:3
BRF:0
BRH:0
end_of_record
TN:
SF:/home/ubuntu/workspace/mongo.js
FNF:0
FNH:0
DA:2,1
DA:4,1
DA:5,1
DA:7,1
DA:8,1
DA:10,1
DA:11,1
DA:14,1
DA:21,1
DA:23,1
DA:27,1
DA:28,0
DA:41,0
DA:42,0
DA:44,0
DA:45,0
DA:47,0
DA:54,1
DA:56,0
DA:57,0
DA:58,0
DA:60,0
DA:62,0
DA:64,0
DA:68,1
DA:70,0
DA:71,0
DA:72,0
DA:74,0
DA:77,1
DA:79,0
DA:80,0
DA:81,0
DA:83,0
DA:90,1
DA:92,0
DA:93,0
DA:94,0
DA:96,0
DA:100,1
DA:102,0
DA:103,0
DA:104,0
DA:106,0
DA:107,0
DA:110,0
LF:46
LH:16
BRDA:44,1,0,0
BRDA:44,1,1,0
BRDA:57,2,0,0
BRDA:57,2,1,0
BRDA:71,3,0,0
BRDA:71,3,1,0
BRDA:80,4,0,0
BRDA:80,4,1,0
BRDA:93,5,0,0
BRDA:93,5,1,0
BRDA:103,6,0,0
BRDA:103,6,1,0
BRF:12
BRH:0
end_of_record
